
################################################################
[1m[32mInstall script for stable-diffusion + Web UI
[1m[34mTested on Debian 11 (Bullseye)[0m
################################################################

################################################################
Running on [1m[32mzwj[0m user
################################################################

################################################################
Repo already cloned, using it as install directory
################################################################

################################################################
Create and activate python venv
################################################################

################################################################
Launching launch.py...
################################################################
/Users/zwj/AIpic/venv/lib/python3.10/site-packages/huggingface_hub/file_download.py:949: FutureWarning: `resume_download` is deprecated and will be removed in version 1.0.0. Downloads always resume when possible. If you want to force a new download, use `force_download=True`.
  warnings.warn(
Python 3.10.9 (main, Jan 11 2023, 09:18:18) [Clang 14.0.6 ]
Commit hash: dbc47579efcdc312d24e93943fa81f36f56afd1a
Fetching updates for K-diffusion...
Checking out commit for K-diffusion with hash: ...
Installing requirements for Web UI
Launching Web UI with arguments: --port 7860
Warning: caught exception 'Torch not compiled with CUDA enabled', memory monitor disabled
No module 'xformers'. Proceeding without it.
GFPGAN not available, skipping...
GFPGAN not available, skipping face restoration setup
RealESRGAN not available, skipping...
RealESRGAN not available, disabling...
RealESRGAN not available, disabling...
Loading weights [6ce0161689] from /Users/zwj/AIpic/models/Stable-diffusion/v1-5-pruned-emaonly.safetensors
Creating model from config: /Users/zwj/AIpic/configs/v1-inference.yaml
LatentDiffusion: Running in eps-prediction mode
DiffusionWrapper has 859.52 M params.
Applying cross attention optimization (InvokeAI).
Textual inversion embeddings loaded(0): 
Model loaded in 10.7s (create model: 0.6s, apply weights to model: 6.7s, apply half(): 2.4s, move model to device: 0.7s, load textual inversion embeddings: 0.2s).
Running on local URL:  http://127.0.0.1:7860

To create a public link, set `share=True` in `launch()`.
Startup time: 15.3s (import gradio: 1.9s, import ldm: 0.5s, other imports: 1.6s, load scripts: 0.2s, load SD checkpoint: 10.7s, create ui: 0.3s).

  0%|          | 0/20 [00:00<?, ?it/s](mpsFileLoc): /AppleInternal/Library/BuildRoots/4~CNqQugA4wWgXhDI3BNEvlckr_SRKSjcWvh2y3e0/Library/Caches/com.apple.xbs/TemporaryDirectory.LbyYqJ/Sources/MetalPerformanceShadersGraph/mpsgraph/MetalPerformanceShadersGraph/Core/Files/MPSGraphUtilities.mm:234:0: error: 'mps.add' op requires the same element type for all operands and results
(mpsFileLoc): /AppleInternal/Library/BuildRoots/4~CNqQugA4wWgXhDI3BNEvlckr_SRKSjcWvh2y3e0/Library/Caches/com.apple.xbs/TemporaryDirectory.LbyYqJ/Sources/MetalPerformanceShadersGraph/mpsgraph/MetalPerformanceShadersGraph/Core/Files/MPSGraphUtilities.mm:234:0: note: see current operation: %7 = "mps.add"(%6, %arg2) : (tensor<2x1280xf32>, tensor<*xf16>) -> tensor<*xf32>
(mpsFileLoc): /AppleInternal/Library/BuildRoots/4~CNqQugA4wWgXhDI3BNEvlckr_SRKSjcWvh2y3e0/Library/Caches/com.apple.xbs/TemporaryDirectory.LbyYqJ/Sources/MetalPerformanceShadersGraph/mpsgraph/MetalPerformanceShadersGraph/Core/Files/MPSGraphUtilities.mm:234:0: error: 'mps.add' op requires the same element type for all operands and results
(mpsFileLoc): /AppleInternal/Library/BuildRoots/4~CNqQugA4wWgXhDI3BNEvlckr_SRKSjcWvh2y3e0/Library/Caches/com.apple.xbs/TemporaryDirectory.LbyYqJ/Sources/MetalPerformanceShadersGraph/mpsgraph/MetalPerformanceShadersGraph/Core/Files/MPSGraphUtilities.mm:234:0: note: see current operation: %7 = "mps.add"(%6, %arg2) : (tensor<2x1280xf32>, tensor<*xf16>) -> tensor<*xf32>
/AppleInternal/Library/BuildRoots/4~CNqQugA4wWgXhDI3BNEvlckr_SRKSjcWvh2y3e0/Library/Caches/com.apple.xbs/TemporaryDirectory.LbyYqJ/Sources/MetalPerformanceShadersGraph/mpsgraph/MetalPerformanceShadersGraph/Core/Files/MPSGraphExecutable.mm:1484: failed assertion `original module failed verification'
/Users/zwj/miniconda3/lib/python3.10/multiprocessing/resource_tracker.py:224: UserWarning: resource_tracker: There appear to be 1 leaked semaphore objects to clean up at shutdown
  warnings.warn('resource_tracker: There appear to be %d '
