
#################################################
Checking port 7860 usage...
#################################################
自动检查端口 7860 占用情况...
端口 7860 未被占用
端口清理完成


################################################################
[1m[32mInstall script for stable-diffusion + Web UI
[1m[34mTested on Debian 11 (Bullseye)[0m
################################################################

################################################################
Running on [1m[32mzwj[0m user
################################################################

################################################################
Repo already cloned, using it as install directory
################################################################

################################################################
Create and activate python venv
################################################################

################################################################
Launching launch.py...
################################################################
