
#################################################
Checking port 7860 usage...
#################################################
自动检查端口 7860 占用情况...
发现占用端口 7860 的进程: 21776
正在自动结束这些进程...
将被结束的进程:
  PID USER COMMAND
21776 zwj  /Users/zwj/AIpic/venv/bin/python launch.py
成功: 端口 7860 已释放
端口清理完成


################################################################
[1m[32mInstall script for stable-diffusion + Web UI
[1m[34mTested on Debian 11 (Bullseye)[0m
################################################################

################################################################
Running on [1m[32mzwj[0m user
################################################################

################################################################
Repo already cloned, using it as install directory
################################################################

################################################################
Create and activate python venv
################################################################

################################################################
Launching launch.py...
################################################################
